This is XeTeX, Version 3.14159265-2.6-0.99999 (TeX Live 2019/dev/Debian) (preloaded format=xelatex 2019.4.16)  17 APR 2019 00:05
entering extended mode
 restricted \write18 enabled.
 %&-line parsing enabled.
**ebookrnp.tex
(./ebookrnp.tex
LaTeX2e <2018-04-01> patch level 5

! LaTeX Error: File `style/krantz.cls' not found.

Type X to quit or <RETURN> to proceed,
or enter new name. (Default extension: cls)

Enter file name: 
! Emergency stop.
<read *> 
         
l.5 \usepackage
               {lmodern}^^M
*** (cannot \read from terminal in nonstop modes)

 
Here is how much of TeX's memory you used:
 12 strings out of 494950
 150 string characters out of 6177956
 55484 words of memory out of 5000000
 3988 multiletter control sequences out of 15000+600000
 3640 words of font info for 14 fonts, out of 8000000 for 9000
 14 hyphenation exceptions out of 8191
 10i,0n,8p,117b,8s stack positions out of 5000i,500n,10000p,200000b,80000s
No pages of output.
